<?xml version="1.0" encoding="UTF-8"?>
<!-- Generated by org.testng.reporters.JUnitReportReporter -->
<testsuite skipped="0" hostname="user" name="ZZ.Z" tests="1" failures="0" timestamp="26 Apr 2019 06:59:10 GMT" time="0.004" errors="0">
  <testcase name="t3" time="0.004" classname="ZZ.Z"/>
</testsuite> <!-- ZZ.Z -->
